2021-03-03 20:35:28 INFO Client main Obtained replies from nodes [1]
2021-03-03 20:35:28 INFO Client main Randomly picking 1 as the seller and contacting it directly.
2021-03-03 20:35:28 INFO Client main Bought product Fish from Peer ID 1

2021-03-03 20:35:30 INFO Client main Obtained replies from nodes [1]
2021-03-03 20:35:30 INFO Client main Randomly picking 1 as the seller and contacting it directly.
2021-03-03 20:35:30 INFO Client main Bought product Fish from Peer ID 1

2021-03-03 20:35:32 INFO Client main Obtained replies from nodes [1]
2021-03-03 20:35:32 INFO Client main Randomly picking 1 as the seller and contacting it directly.
2021-03-03 20:35:32 INFO Client main Bought product Fish from Peer ID 1

2021-03-03 20:35:34 INFO Client main Obtained replies from nodes [1]
2021-03-03 20:35:34 INFO Client main Randomly picking 1 as the seller and contacting it directly.
2021-03-03 20:35:34 INFO Client main Bought product Fish from Peer ID 1

2021-03-03 20:35:36 INFO Client main Obtained replies from nodes [1]
2021-03-03 20:35:36 INFO Client main Randomly picking 1 as the seller and contacting it directly.
2021-03-03 20:35:36 INFO Client main Bought product Fish from Peer ID 1

2021-03-03 20:35:43 INFO Client main Obtained replies from nodes []
2021-03-03 20:35:43 INFO Client main Could not buy product Fish because found no peers with that item

2021-03-03 20:35:45 INFO Client main Obtained replies from nodes []
2021-03-03 20:35:45 INFO Client main Could not buy product Fish because found no peers with that item

2021-03-03 20:35:47 INFO Client main Obtained replies from nodes []
2021-03-03 20:35:47 INFO Client main Could not buy product Fish because found no peers with that item

2021-03-03 20:35:49 INFO Client main Obtained replies from nodes []
2021-03-03 20:35:49 INFO Client main Could not buy product Fish because found no peers with that item

2021-03-03 20:35:51 INFO Client main Obtained replies from nodes []
2021-03-03 20:35:51 INFO Client main Could not buy product Fish because found no peers with that item

2021-03-03 20:35:59 INFO Client main Obtained replies from nodes [1]
2021-03-03 20:35:59 INFO Client main Randomly picking 1 as the seller and contacting it directly.
2021-03-03 20:35:59 INFO Client main Bought product Fish from Peer ID 1

2021-03-03 20:36:01 INFO Client main Obtained replies from nodes [1]
2021-03-03 20:36:01 INFO Client main Randomly picking 1 as the seller and contacting it directly.
2021-03-03 20:36:01 INFO Client main Bought product Fish from Peer ID 1

2021-03-03 20:36:03 INFO Client main Obtained replies from nodes [1]
2021-03-03 20:36:03 INFO Client main Randomly picking 1 as the seller and contacting it directly.
2021-03-03 20:36:03 INFO Client main Bought product Fish from Peer ID 1

2021-03-03 20:36:05 INFO Client main Obtained replies from nodes [1]
2021-03-03 20:36:05 INFO Client main Randomly picking 1 as the seller and contacting it directly.
2021-03-03 20:36:05 INFO Client main Bought product Fish from Peer ID 1

2021-03-03 20:36:07 INFO Client main Obtained replies from nodes [1]
2021-03-03 20:36:07 INFO Client main Randomly picking 1 as the seller and contacting it directly.
2021-03-03 20:36:07 INFO Client main Bought product Fish from Peer ID 1

